c:\users\wes\documents\cs201\201r-spring-2020\wes_mcnall\201_honors\201_honors\debug\vc142.pdb
c:\users\wes\documents\cs201\201r-spring-2020\wes_mcnall\201_honors\201_honors\debug\vc142.idb
c:\users\wes\documents\cs201\201r-spring-2020\wes_mcnall\201_honors\201_honors\debug\source.obj
c:\users\wes\documents\cs201\201r-spring-2020\wes_mcnall\201_honors\201_honors\debug\creature.obj
c:\users\wes\documents\cs201\201r-spring-2020\wes_mcnall\201_honors\201_honors\debug\weapon.obj
c:\users\wes\documents\cs201\201r-spring-2020\wes_mcnall\201_honors\201_honors\debug\turn.obj
c:\users\wes\documents\cs201\201r-spring-2020\wes_mcnall\201_honors\201_honors\debug\round.obj
c:\users\wes\documents\cs201\201r-spring-2020\wes_mcnall\201_honors\201_honors\debug\hero.obj
c:\users\wes\documents\cs201\201r-spring-2020\wes_mcnall\201_honors\201_honors\debug\equipment.obj
c:\users\wes\documents\cs201\201r-spring-2020\wes_mcnall\201_honors\201_honors\debug\enemy.obj
c:\users\wes\documents\cs201\201r-spring-2020\wes_mcnall\201_honors\201_honors\debug\boss.obj
c:\users\wes\documents\cs201\201r-spring-2020\wes_mcnall\201_honors\201_honors\debug\battle.obj
c:\users\wes\documents\cs201\201r-spring-2020\wes_mcnall\201_honors\201_honors\debug\armor.obj
c:\users\wes\documents\cs201\201r-spring-2020\wes_mcnall\201_honors\201_honors\debug\job_class.obj
c:\users\wes\documents\cs201\201r-spring-2020\wes_mcnall\201_honors\201_honors\debug\item.obj
c:\users\wes\documents\cs201\201r-spring-2020\wes_mcnall\201_honors\201_honors\debug\ai.obj
c:\users\wes\documents\cs201\201r-spring-2020\wes_mcnall\201_honors\201_honors\debug\game.obj
c:\users\wes\documents\cs201\201r-spring-2020\wes_mcnall\201_honors\201_honors\debug\party.obj
c:\users\wes\documents\cs201\201r-spring-2020\wes_mcnall\201_honors\debug\201_honors.exe
c:\users\wes\documents\cs201\201r-spring-2020\wes_mcnall\201_honors\debug\201_honors.ilk
c:\users\wes\documents\cs201\201r-spring-2020\wes_mcnall\201_honors\debug\201_honors.pdb
c:\users\wes\documents\cs201\201r-spring-2020\wes_mcnall\201_honors\201_honors\debug\201_honors.tlog\cl.command.1.tlog
c:\users\wes\documents\cs201\201r-spring-2020\wes_mcnall\201_honors\201_honors\debug\201_honors.tlog\cl.read.1.tlog
c:\users\wes\documents\cs201\201r-spring-2020\wes_mcnall\201_honors\201_honors\debug\201_honors.tlog\cl.write.1.tlog
c:\users\wes\documents\cs201\201r-spring-2020\wes_mcnall\201_honors\201_honors\debug\201_honors.tlog\link.10820.delete.1.tlog
c:\users\wes\documents\cs201\201r-spring-2020\wes_mcnall\201_honors\201_honors\debug\201_honors.tlog\link.18252.delete.1.tlog
c:\users\wes\documents\cs201\201r-spring-2020\wes_mcnall\201_honors\201_honors\debug\201_honors.tlog\link.26716.delete.1.tlog
c:\users\wes\documents\cs201\201r-spring-2020\wes_mcnall\201_honors\201_honors\debug\201_honors.tlog\link.command.1.tlog
c:\users\wes\documents\cs201\201r-spring-2020\wes_mcnall\201_honors\201_honors\debug\201_honors.tlog\link.read.1.tlog
c:\users\wes\documents\cs201\201r-spring-2020\wes_mcnall\201_honors\201_honors\debug\201_honors.tlog\link.write.1.tlog
